<?xml version="1.0" encoding="UTF-8"?>
<testng-results ignored="0" total="1" passed="1" failed="0" skipped="0">
  <reporter-output>
  </reporter-output>
  <suite started-at="2025-02-07T07:42:36 IST" name="Default suite" finished-at="2025-02-07T07:44:06 IST" duration-ms="90331">
    <groups>
    </groups>
    <test started-at="2025-02-07T07:42:36 IST" name="Default test" finished-at="2025-02-07T07:44:06 IST" duration-ms="90331">
      <class name="rahulshettyAcadmy.SubmitOrderTest">
        <test-method is-config="true" signature="LaunchApplication()[pri:0, instance:rahulshettyAcadmy.SubmitOrderTest@3e27aa33]" started-at="2025-02-07T07:42:36 IST" name="LaunchApplication" finished-at="2025-02-07T07:43:16 IST" duration-ms="40057" status="PASS">
          <reporter-output>
          </reporter-output>
        </test-method> <!-- LaunchApplication -->
        <test-method signature="submitOrder()[pri:0, instance:rahulshettyAcadmy.SubmitOrderTest@3e27aa33]" started-at="2025-02-07T07:43:16 IST" name="submitOrder" finished-at="2025-02-07T07:44:06 IST" duration-ms="50168" status="PASS">
          <reporter-output>
          </reporter-output>
        </test-method> <!-- submitOrder -->
      </class> <!-- rahulshettyAcadmy.SubmitOrderTest -->
    </test> <!-- Default test -->
  </suite> <!-- Default suite -->
</testng-results>
